1617975938428	geckodriver	INFO	Listening on 127.0.0.1:53393
1617975938433	mozrunner::runner	INFO	Running command: "/usr/bin/firefox" "--marionette" "-foreground" "-no-remote" "-profile" "/tmp/rust_mozprofileKFmYu8"
console.warn: SearchSettings: "get: No settings file exists, new profile?" (new Error("", "(unknown module)"))
1617975942446	Marionette	INFO	Listening on port 44975
1617975942497	Marionette	WARN	TLS certificate errors will be ignored for this session
JavaScript error: resource://gre/actors/AutoCompleteChild.jsm, line 125: Error: Invalid autocomplete selectedIndex
1617975944941	Marionette	INFO	Stopped listening on port 44975
1617977614317	geckodriver	INFO	Listening on 127.0.0.1:45441
1617977614325	mozrunner::runner	INFO	Running command: "/usr/bin/firefox" "--marionette" "-foreground" "-no-remote" "-profile" "/tmp/rust_mozprofile5jfptw"
console.warn: SearchSettings: "get: No settings file exists, new profile?" (new Error("", "(unknown module)"))
1617977618292	Marionette	INFO	Listening on port 37325
1617977618388	Marionette	WARN	TLS certificate errors will be ignored for this session
JavaScript error: resource://gre/actors/AutoCompleteChild.jsm, line 125: Error: Invalid autocomplete selectedIndex
1617977620970	Marionette	INFO	Stopped listening on port 37325

###!!! [Parent][RunMessage] Error: Channel closing: too late to send/recv, messages will be lost

1617980347927	geckodriver	INFO	Listening on 127.0.0.1:46495
1617980347934	mozrunner::runner	INFO	Running command: "/usr/bin/firefox" "--marionette" "-foreground" "-no-remote" "-profile" "/tmp/rust_mozprofilej0dqIH"
console.warn: SearchSettings: "get: No settings file exists, new profile?" (new Error("", "(unknown module)"))
1617980350489	Marionette	INFO	Listening on port 35641
1617980350565	Marionette	WARN	TLS certificate errors will be ignored for this session
JavaScript error: resource://gre/actors/AutoCompleteChild.jsm, line 125: Error: Invalid autocomplete selectedIndex
1617980351967	Marionette	INFO	Stopped listening on port 35641
1617980366921	geckodriver	INFO	Listening on 127.0.0.1:33341
1617980366926	mozrunner::runner	INFO	Running command: "/usr/bin/firefox" "--marionette" "-foreground" "-no-remote" "-profile" "/tmp/rust_mozprofilemmSn6P"
console.warn: SearchSettings: "get: No settings file exists, new profile?" (new Error("", "(unknown module)"))
1617980369414	Marionette	INFO	Listening on port 44655
1617980369470	Marionette	WARN	TLS certificate errors will be ignored for this session
JavaScript error: resource://gre/actors/AutoCompleteChild.jsm, line 125: Error: Invalid autocomplete selectedIndex
1617980575522	Marionette	INFO	Stopped listening on port 44655

###!!! [Parent][RunMessage] Error: Channel closing: too late to send/recv, messages will be lost

1617980579677	geckodriver	INFO	Listening on 127.0.0.1:34247
1617980579682	mozrunner::runner	INFO	Running command: "/usr/bin/firefox" "--marionette" "-foreground" "-no-remote" "-profile" "/tmp/rust_mozprofileKtbu6r"
console.warn: SearchSettings: "get: No settings file exists, new profile?" (new Error("", "(unknown module)"))
1617980582332	Marionette	INFO	Listening on port 43153
1617980582408	Marionette	WARN	TLS certificate errors will be ignored for this session
JavaScript error: resource://gre/actors/AutoCompleteChild.jsm, line 125: Error: Invalid autocomplete selectedIndex
1617980608566	Marionette	INFO	Stopped listening on port 43153
1617980611833	geckodriver	INFO	Listening on 127.0.0.1:49437
1617980611837	mozrunner::runner	INFO	Running command: "/usr/bin/firefox" "--marionette" "-foreground" "-no-remote" "-profile" "/tmp/rust_mozprofilevvFWVs"
console.warn: SearchSettings: "get: No settings file exists, new profile?" (new Error("", "(unknown module)"))
1617980614351	Marionette	INFO	Listening on port 38287
1617980614466	Marionette	WARN	TLS certificate errors will be ignored for this session
JavaScript error: resource://gre/actors/AutoCompleteChild.jsm, line 125: Error: Invalid autocomplete selectedIndex
1617980798157	geckodriver	INFO	Listening on 127.0.0.1:48327
1617980798166	mozrunner::runner	INFO	Running command: "/usr/bin/firefox" "--marionette" "-foreground" "-no-remote" "-profile" "/tmp/rust_mozprofileTWGKl8"
console.warn: SearchSettings: "get: No settings file exists, new profile?" (new Error("", "(unknown module)"))
1617980800889	Marionette	INFO	Listening on port 35913
1617980800991	Marionette	WARN	TLS certificate errors will be ignored for this session
JavaScript error: resource://gre/actors/AutoCompleteChild.jsm, line 125: Error: Invalid autocomplete selectedIndex
1617980838876	Marionette	INFO	Stopped listening on port 38287
console.log: WebExtensions: reset-default-search: No addons in our list are installed.
1617983215913	geckodriver	INFO	Listening on 127.0.0.1:45903
1617983215922	mozrunner::runner	INFO	Running command: "/usr/bin/firefox" "--marionette" "-foreground" "-no-remote" "-profile" "/tmp/rust_mozprofileIVZ6eK"
console.warn: SearchSettings: "get: No settings file exists, new profile?" (new Error("", "(unknown module)"))
1617983219030	Marionette	INFO	Listening on port 39597
1617983219069	Marionette	WARN	TLS certificate errors will be ignored for this session
JavaScript error: resource://gre/actors/AutoCompleteChild.jsm, line 125: Error: Invalid autocomplete selectedIndex
1617983229114	Marionette	INFO	Stopped listening on port 39597

###!!! [Parent][RunMessage] Error: Channel closing: too late to send/recv, messages will be lost

console.warn: "Async method failed in safeAsyncMethod" (new Error("Connection closed, pending request to server0.conn0.child3/domwalker24, type cancelPick failed\n\nRequest stack:\nrequest@resource://devtools/shared/protocol/Front.js:288:14\ngenerateRequestMethods/</frontProto[name]@resource://devtools/shared/protocol/Front/FrontClassWithSpec.js:46:19\ncancelPick@resource://devtools/client/fronts/walker.js:546:18\nexports.safeAsyncMethod/<@resource://devtools/shared/async-utils.js:57:25\n_onInspectorFrontDestroyed@resource://devtools/client/inspector/node-picker.js:114:18\nstop@resource://devtools/client/inspector/node-picker.js:174:18\n_destroyToolbox@resource://devtools/client/framework/toolbox.js:3718:24\ndestroy@resource://devtools/client/framework/toolbox.js:3652:10\n_forgetBrowserWindow@resource://devtools/client/framework/devtools-browser.js:709:17\nhandleEvent@resource://devtools/client/framework/devtools-browser.js:730:26\n", "resource://devtools/shared/protocol/Front.js", 99))
1617983532600	Marionette	INFO	Stopped listening on port 35913

###!!! [Parent][RunMessage] Error: Channel closing: too late to send/recv, messages will be lost

1617983542331	geckodriver	INFO	Listening on 127.0.0.1:54131
1617983542336	mozrunner::runner	INFO	Running command: "/usr/bin/firefox" "--marionette" "-foreground" "-no-remote" "-profile" "/tmp/rust_mozprofileBP97nR"
console.warn: SearchSettings: "get: No settings file exists, new profile?" (new Error("", "(unknown module)"))
1617983544665	Marionette	INFO	Listening on port 37235
1617983544760	Marionette	WARN	TLS certificate errors will be ignored for this session
JavaScript error: resource://gre/actors/AutoCompleteChild.jsm, line 125: Error: Invalid autocomplete selectedIndex
1617983588399	Marionette	INFO	Stopped listening on port 37235
1617983593657	geckodriver	INFO	Listening on 127.0.0.1:57603
1617983593661	mozrunner::runner	INFO	Running command: "/usr/bin/firefox" "--marionette" "-foreground" "-no-remote" "-profile" "/tmp/rust_mozprofileJzBbT5"
console.warn: SearchSettings: "get: No settings file exists, new profile?" (new Error("", "(unknown module)"))
1617983596336	Marionette	INFO	Listening on port 46347
1617983596394	Marionette	WARN	TLS certificate errors will be ignored for this session
JavaScript error: resource://gre/actors/AutoCompleteChild.jsm, line 125: Error: Invalid autocomplete selectedIndex
1617983597835	Marionette	INFO	Stopped listening on port 46347

###!!! [Parent][RunMessage] Error: Channel closing: too late to send/recv, messages will be lost

1617988386023	geckodriver	INFO	Listening on 127.0.0.1:42775
1617988387030	mozrunner::runner	INFO	Running command: "/usr/bin/firefox" "--marionette" "-foreground" "-no-remote" "-profile" "/tmp/rust_mozprofile37h2h0"
console.warn: SearchSettings: "get: No settings file exists, new profile?" (new Error("", "(unknown module)"))
1617988390668	Marionette	INFO	Listening on port 42973
1617988390760	Marionette	WARN	TLS certificate errors will be ignored for this session
JavaScript error: resource://gre/actors/AutoCompleteChild.jsm, line 125: Error: Invalid autocomplete selectedIndex
1617988471848	Marionette	INFO	Stopped listening on port 42973
1617988508769	geckodriver	INFO	Listening on 127.0.0.1:60773
1617988508774	mozrunner::runner	INFO	Running command: "/usr/bin/firefox" "--marionette" "-foreground" "-no-remote" "-profile" "/tmp/rust_mozprofile1UP85O"
console.warn: SearchSettings: "get: No settings file exists, new profile?" (new Error("", "(unknown module)"))
1617988511435	Marionette	INFO	Listening on port 43891
1617988511507	Marionette	WARN	TLS certificate errors will be ignored for this session
JavaScript error: resource://gre/actors/AutoCompleteChild.jsm, line 125: Error: Invalid autocomplete selectedIndex
console.log: WebExtensions: reset-default-search: No addons in our list are installed.
JavaScript error: resource://gre/actors/PictureInPictureChild.jsm, line 455: TypeError: this.contentWindow is null
JavaScript error: resource://gre/actors/PictureInPictureChild.jsm, line 571: TypeError: this.contentWindow is null
JavaScript error: resource://gre/actors/PictureInPictureChild.jsm, line 301: InvalidStateError: JSWindowActorChild.contentWindow getter: Cannot access property 'contentWindow' after actor 'PictureInPictureToggle' has been destroyed
JavaScript error: resource://gre/actors/PictureInPictureChild.jsm, line 301: InvalidStateError: JSWindowActorChild.contentWindow getter: Cannot access property 'contentWindow' after actor 'PictureInPictureToggle' has been destroyed
JavaScript error: resource://gre/actors/PictureInPictureChild.jsm, line 301: InvalidStateError: JSWindowActorChild.contentWindow getter: Cannot access property 'contentWindow' after actor 'PictureInPictureToggle' has been destroyed
JavaScript error: https://images-na.ssl-images-amazon.com/images/I/11Y+5x+kkTL._RC|51IWYO5M+zL.js,112nmCqUymL.js,11giXtZCwVL.js,01+z+uIeJ-L.js,014NohEdE7L.js,21NNXfMitSL.js,11GXfd3+z+L.js,51gm4oPD2cL.js,11AHlQhPRjL.js,11UNQpqeowL.js,11OREnu1epL.js,11KbZymw5ZL.js,21r53SJg7LL.js,0190vxtlzcL.js,51bbIMIQQwL.js,31KrK+dcMcL.js,01Gf12ogmOL.js,01ezj5Rkz1L.js,11VS-C+YWGL.js,31pOTH2ZMRL.js,01rpauTep4L.js,01zbcJxtbAL.js_.js?AUIClients/AmazonUI&Dj66etiu#page_type-Gateway.319488-T1.309035-T1, line 150: SyntaxError: FontFaceSet.load: Invalid font shorthand
JavaScript error: https://images-na.ssl-images-amazon.com/images/I/11Y+5x+kkTL._RC|51IWYO5M+zL.js,112nmCqUymL.js,11giXtZCwVL.js,01+z+uIeJ-L.js,014NohEdE7L.js,21NNXfMitSL.js,11GXfd3+z+L.js,51gm4oPD2cL.js,11AHlQhPRjL.js,11UNQpqeowL.js,11OREnu1epL.js,11KbZymw5ZL.js,21r53SJg7LL.js,0190vxtlzcL.js,51bbIMIQQwL.js,31KrK+dcMcL.js,01Gf12ogmOL.js,01ezj5Rkz1L.js,11VS-C+YWGL.js,31pOTH2ZMRL.js,01rpauTep4L.js,01zbcJxtbAL.js_.js?AUIClients/AmazonUI&Dj66etiu#page_type-Gateway.319488-T1.309035-T1, line 150: SyntaxError: FontFaceSet.load: Invalid font shorthand
JavaScript error: https://images-na.ssl-images-amazon.com/images/I/11Y+5x+kkTL._RC|51IWYO5M+zL.js,112nmCqUymL.js,11giXtZCwVL.js,01+z+uIeJ-L.js,014NohEdE7L.js,21NNXfMitSL.js,11GXfd3+z+L.js,51gm4oPD2cL.js,11AHlQhPRjL.js,11UNQpqeowL.js,11OREnu1epL.js,11KbZymw5ZL.js,21r53SJg7LL.js,0190vxtlzcL.js,51bbIMIQQwL.js,31KrK+dcMcL.js,01Gf12ogmOL.js,01ezj5Rkz1L.js,11VS-C+YWGL.js,31pOTH2ZMRL.js,01rpauTep4L.js,01zbcJxtbAL.js_.js?AUIClients/AmazonUI&Dj66etiu#page_type-Gateway.319488-T1.309035-T1, line 150: SyntaxError: FontFaceSet.load: Invalid font shorthand
JavaScript error: https://images-na.ssl-images-amazon.com/images/I/11Y+5x+kkTL._RC|51IWYO5M+zL.js,112nmCqUymL.js,11giXtZCwVL.js,01+z+uIeJ-L.js,014NohEdE7L.js,21NNXfMitSL.js,11GXfd3+z+L.js,51gm4oPD2cL.js,11AHlQhPRjL.js,11UNQpqeowL.js,11OREnu1epL.js,11KbZymw5ZL.js,21r53SJg7LL.js,0190vxtlzcL.js,51bbIMIQQwL.js,31KrK+dcMcL.js,01Gf12ogmOL.js,01ezj5Rkz1L.js,11VS-C+YWGL.js,31pOTH2ZMRL.js,01rpauTep4L.js,01zbcJxtbAL.js_.js?AUIClients/AmazonUI&Dj66etiu#page_type-Gateway.319488-T1.309035-T1, line 150: SyntaxError: FontFaceSet.load: Invalid font shorthand
console.error: "Error while calling actor 'pagestyle's method 'getLayout'" "node is null"
console.error: "getLayout@resource://devtools/server/actors/page-style.js:1002:5\nhandler@resource://devtools/shared/protocol/Actor.js:172:37\nonPacket@resource://devtools/server/devtools-server-connection.js:379:58\nreceiveMessage@resource://devtools/shared/transport/child-transport.js:68:16\n"
console.error: (new Error("Protocol error (TypeError): node is null from: server0.conn1.child3/pagestyle25 (resource://devtools/server/actors/page-style.js:1002:5)", "resource://devtools/shared/protocol/Front.js", 361))
JavaScript error: resource://gre/actors/PictureInPictureChild.jsm, line 301: InvalidStateError: JSWindowActorChild.contentWindow getter: Cannot access property 'contentWindow' after actor 'PictureInPictureToggle' has been destroyed
console.error: "Error writing request: getGrids"
JavaScript error: resource://gre/actors/PictureInPictureChild.jsm, line 301: InvalidStateError: JSWindowActorChild.contentWindow getter: Cannot access property 'contentWindow' after actor 'PictureInPictureToggle' has been destroyed
JavaScript error: resource://gre/actors/PictureInPictureChild.jsm, line 301: InvalidStateError: JSWindowActorChild.contentWindow getter: Cannot access property 'contentWindow' after actor 'PictureInPictureToggle' has been destroyed
console.error: "Error while calling actor 'pagestyle's method 'getApplied'" "node is null"
console.error: "getApplied@resource://devtools/server/actors/page-style.js:571:5\nhandler@resource://devtools/shared/protocol/Actor.js:172:37\nonPacket@resource://devtools/server/devtools-server-connection.js:379:58\nreceiveMessage@resource://devtools/shared/transport/child-transport.js:68:16\n"
console.error: (new Error("Protocol error (TypeError): node is null from: server0.conn1.child3/pagestyle25 (resource://devtools/server/actors/page-style.js:571:5)", "resource://devtools/shared/protocol/Front.js", 361))
console.error: "Error while calling actor 'pagestyle's method 'getUsedFontFaces'" "node is null"
console.error: "getUsedFontFaces@resource://devtools/server/actors/page-style.js:368:24\nhandler@resource://devtools/shared/protocol/Actor.js:172:37\nonPacket@resource://devtools/server/devtools-server-connection.js:379:58\nreceiveMessage@resource://devtools/shared/transport/child-transport.js:68:16\n"
console.error: "Could not get the list of font families" (new Error("Protocol error (TypeError): node is null from: server0.conn1.child3/pagestyle25 (resource://devtools/server/actors/page-style.js:368:24)", "resource://devtools/shared/protocol/Front.js", 361))
JavaScript error: resource://gre/actors/PictureInPictureChild.jsm, line 301: InvalidStateError: JSWindowActorChild.contentWindow getter: Cannot access property 'contentWindow' after actor 'PictureInPictureToggle' has been destroyed
console.error: "Error while calling actor 'pagestyle's method 'getApplied'" "node is null"
console.error: "getApplied@resource://devtools/server/actors/page-style.js:571:5\nhandler@resource://devtools/shared/protocol/Actor.js:172:37\nonPacket@resource://devtools/server/devtools-server-connection.js:379:58\nreceiveMessage@resource://devtools/shared/transport/child-transport.js:68:16\n"
console.error: "Error writing request: getGrids"
console.error: "Error writing request: getGrids"
console.error: (new Error("Protocol error (TypeError): node is null from: server0.conn1.child3/pagestyle25 (resource://devtools/server/actors/page-style.js:571:5)", "resource://devtools/shared/protocol/Front.js", 361))
JavaScript error: resource://gre/actors/PictureInPictureChild.jsm, line 301: InvalidStateError: JSWindowActorChild.contentWindow getter: Cannot access property 'contentWindow' after actor 'PictureInPictureToggle' has been destroyed
JavaScript error: about:srcdoc, line 9: TypeError: parent is null
JavaScript error: resource://gre/actors/PictureInPictureChild.jsm, line 301: InvalidStateError: JSWindowActorChild.contentWindow getter: Cannot access property 'contentWindow' after actor 'PictureInPictureToggle' has been destroyed
console.error: "Error while calling actor 'layout's method 'getGrids'" "node is null"
console.error: "getGrids@resource://devtools/server/actors/layout.js:502:26\ngetGrids@resource://devtools/server/actors/layout.js:507:43\nhandler@resource://devtools/shared/protocol/Actor.js:172:37\nonPacket@resource://devtools/server/devtools-server-connection.js:379:58\nreceiveMessage@resource://devtools/shared/transport/child-transport.js:68:16\n"
console.error: "Error while calling actor 'layout's method 'getGrids'" "node is null"
console.error: "getGrids@resource://devtools/server/actors/layout.js:502:26\ngetGrids@resource://devtools/server/actors/layout.js:507:43\ngetGrids@resource://devtools/server/actors/layout.js:507:43\nhandler@resource://devtools/shared/protocol/Actor.js:172:37\nonPacket@resource://devtools/server/devtools-server-connection.js:379:58\nreceiveMessage@resource://devtools/shared/transport/child-transport.js:68:16\n"
1617990946094	geckodriver	INFO	Listening on 127.0.0.1:41365
1617990947103	mozrunner::runner	INFO	Running command: "/usr/bin/firefox" "--marionette" "-foreground" "-no-remote" "-profile" "/tmp/rust_mozprofileafykF3"
console.warn: SearchSettings: "get: No settings file exists, new profile?" (new Error("", "(unknown module)"))
1617990949871	Marionette	INFO	Listening on port 34093
1617990949936	Marionette	WARN	TLS certificate errors will be ignored for this session
JavaScript error: https://images-na.ssl-images-amazon.com/images/I/11Y+5x+kkTL._RC|51IWYO5M+zL.js,112nmCqUymL.js,11giXtZCwVL.js,01+z+uIeJ-L.js,014NohEdE7L.js,21NNXfMitSL.js,11GXfd3+z+L.js,11AHlQhPRjL.js,11UNQpqeowL.js,11OREnu1epL.js,11KbZymw5ZL.js,21r53SJg7LL.js,0190vxtlzcL.js,01ezj5Rkz1L.js,11VS-C+YWGL.js,31pOTH2ZMRL.js,01rpauTep4L.js,01zbcJxtbAL.js_.js?AUIClients/AmazonUI&tbOQM7bq#page_type-Detail.309035-T1, line 150: SyntaxError: FontFaceSet.load: Invalid font shorthand
JavaScript error: https://images-na.ssl-images-amazon.com/images/I/11Y+5x+kkTL._RC|51IWYO5M+zL.js,112nmCqUymL.js,11giXtZCwVL.js,01+z+uIeJ-L.js,014NohEdE7L.js,21NNXfMitSL.js,11GXfd3+z+L.js,11AHlQhPRjL.js,11UNQpqeowL.js,11OREnu1epL.js,11KbZymw5ZL.js,21r53SJg7LL.js,0190vxtlzcL.js,01ezj5Rkz1L.js,11VS-C+YWGL.js,31pOTH2ZMRL.js,01rpauTep4L.js,01zbcJxtbAL.js_.js?AUIClients/AmazonUI&tbOQM7bq#page_type-Detail.309035-T1, line 150: SyntaxError: FontFaceSet.load: Invalid font shorthand
JavaScript error: https://images-na.ssl-images-amazon.com/images/I/11Y+5x+kkTL._RC|51IWYO5M+zL.js,112nmCqUymL.js,11giXtZCwVL.js,01+z+uIeJ-L.js,014NohEdE7L.js,21NNXfMitSL.js,11GXfd3+z+L.js,11AHlQhPRjL.js,11UNQpqeowL.js,11OREnu1epL.js,11KbZymw5ZL.js,21r53SJg7LL.js,0190vxtlzcL.js,01ezj5Rkz1L.js,11VS-C+YWGL.js,31pOTH2ZMRL.js,01rpauTep4L.js,01zbcJxtbAL.js_.js?AUIClients/AmazonUI&tbOQM7bq#page_type-Detail.309035-T1, line 150: SyntaxError: FontFaceSet.load: Invalid font shorthand
JavaScript error: https://images-na.ssl-images-amazon.com/images/I/11Y+5x+kkTL._RC|51IWYO5M+zL.js,112nmCqUymL.js,11giXtZCwVL.js,01+z+uIeJ-L.js,014NohEdE7L.js,21NNXfMitSL.js,11GXfd3+z+L.js,11AHlQhPRjL.js,11UNQpqeowL.js,11OREnu1epL.js,11KbZymw5ZL.js,21r53SJg7LL.js,0190vxtlzcL.js,01ezj5Rkz1L.js,11VS-C+YWGL.js,31pOTH2ZMRL.js,01rpauTep4L.js,01zbcJxtbAL.js_.js?AUIClients/AmazonUI&tbOQM7bq#page_type-Detail.309035-T1, line 150: SyntaxError: FontFaceSet.load: Invalid font shorthand
JavaScript error: resource://gre/actors/PictureInPictureChild.jsm, line 301: InvalidStateError: JSWindowActorChild.contentWindow getter: Cannot access property 'contentWindow' after actor 'PictureInPictureToggle' has been destroyed
JavaScript error: resource://gre/actors/PictureInPictureChild.jsm, line 301: InvalidStateError: JSWindowActorChild.contentWindow getter: Cannot access property 'contentWindow' after actor 'PictureInPictureToggle' has been destroyed
Handler function _httpResponseExaminer threw an exception: TypeError: topFrame.browsingContext is null
Stack: matchRequest@resource://devtools/server/actors/network-monitor/network-observer.js:130:9
_httpResponseExaminer@resource://devtools/server/actors/network-monitor/network-observer.js:456:10
exports.makeInfallible/<@resource://devtools/shared/ThreadSafeDevToolsUtils.js:103:22
Line: 130, column: 9
console.error: (new TypeError("topFrame.browsingContext is null", "resource://devtools/server/actors/network-monitor/network-observer.js", 130))
Handler function threw an exception: TypeError: topFrame.browsingContext is null
Stack: matchRequest@resource://devtools/server/actors/network-monitor/network-observer.js:130:9
_onRequestHeader@resource://devtools/server/actors/network-monitor/network-observer.js:959:10
NetworkObserver.prototype.observeActivity<@resource://devtools/server/actors/network-monitor/network-observer.js:710:12
exports.makeInfallible/<@resource://devtools/shared/ThreadSafeDevToolsUtils.js:103:22
Line: 130, column: 9
console.error: (new TypeError("topFrame.browsingContext is null", "resource://devtools/server/actors/network-monitor/network-observer.js", 130))
Handler function _httpResponseExaminer threw an exception: TypeError: topFrame.browsingContext is null
Stack: matchRequest@resource://devtools/server/actors/network-monitor/network-observer.js:130:9
_httpResponseExaminer@resource://devtools/server/actors/network-monitor/network-observer.js:456:10
exports.makeInfallible/<@resource://devtools/shared/ThreadSafeDevToolsUtils.js:103:22
Line: 130, column: 9
console.error: (new TypeError("topFrame.browsingContext is null", "resource://devtools/server/actors/network-monitor/network-observer.js", 130))
1617991051131	Marionette	INFO	Stopped listening on port 34093

###!!! [Parent][RunMessage] Error: Channel closing: too late to send/recv, messages will be lost

console.warn: "Async method failed in safeAsyncMethod" (new Error("Connection closed, pending request to server0.conn0.child3/domwalker24, type cancelPick failed\n\nRequest stack:\nrequest@resource://devtools/shared/protocol/Front.js:288:14\ngenerateRequestMethods/</frontProto[name]@resource://devtools/shared/protocol/Front/FrontClassWithSpec.js:46:19\ncancelPick@resource://devtools/client/fronts/walker.js:546:18\nexports.safeAsyncMethod/<@resource://devtools/shared/async-utils.js:57:25\n_onInspectorFrontDestroyed@resource://devtools/client/inspector/node-picker.js:114:18\nstop@resource://devtools/client/inspector/node-picker.js:174:18\n_destroyToolbox@resource://devtools/client/framework/toolbox.js:3718:24\ndestroy@resource://devtools/client/framework/toolbox.js:3652:10\n_forgetBrowserWindow@resource://devtools/client/framework/devtools-browser.js:709:17\nhandleEvent@resource://devtools/client/framework/devtools-browser.js:730:26\n", "resource://devtools/shared/protocol/Front.js", 99))
1617991241273	Marionette	INFO	Stopped listening on port 43891

###!!! [Parent][RunMessage] Error: Channel closing: too late to send/recv, messages will be lost

1617991445873	geckodriver	INFO	Listening on 127.0.0.1:46653
1617991445876	mozrunner::runner	INFO	Running command: "/usr/bin/firefox" "--marionette" "-foreground" "-no-remote" "-profile" "/tmp/rust_mozprofilejOXFiX"
console.warn: SearchSettings: "get: No settings file exists, new profile?" (new Error("", "(unknown module)"))
1617991448438	Marionette	INFO	Listening on port 33057
1617991448501	Marionette	WARN	TLS certificate errors will be ignored for this session
1617991454710	Marionette	INFO	Stopped listening on port 33057

###!!! [Parent][RunMessage] Error: Channel closing: too late to send/recv, messages will be lost

1617991471088	geckodriver	INFO	Listening on 127.0.0.1:45853
1617991471091	mozrunner::runner	INFO	Running command: "/usr/bin/firefox" "--marionette" "-foreground" "-no-remote" "-profile" "/tmp/rust_mozprofileHZ2DRn"
console.warn: SearchSettings: "get: No settings file exists, new profile?" (new Error("", "(unknown module)"))
1617991473952	Marionette	INFO	Listening on port 43399
1617991474017	Marionette	WARN	TLS certificate errors will be ignored for this session
1617991478985	Marionette	INFO	Stopped listening on port 43399
1617991512632	geckodriver	INFO	Listening on 127.0.0.1:48971
1617991512635	mozrunner::runner	INFO	Running command: "/usr/bin/firefox" "--marionette" "-foreground" "-no-remote" "-profile" "/tmp/rust_mozprofilexosipP"
console.warn: SearchSettings: "get: No settings file exists, new profile?" (new Error("", "(unknown module)"))
1617991515090	Marionette	INFO	Listening on port 38949
1617991515171	Marionette	WARN	TLS certificate errors will be ignored for this session
1617991529654	geckodriver	INFO	Listening on 127.0.0.1:55679
1617991529657	mozrunner::runner	INFO	Running command: "/usr/bin/firefox" "--marionette" "-foreground" "-no-remote" "-profile" "/tmp/rust_mozprofilerdmgxF"
console.warn: SearchSettings: "get: No settings file exists, new profile?" (new Error("", "(unknown module)"))
1617991532556	Marionette	INFO	Listening on port 33053
1617991532598	Marionette	WARN	TLS certificate errors will be ignored for this session
1617991553953	Marionette	INFO	Stopped listening on port 33053
1617991577232	geckodriver	INFO	Listening on 127.0.0.1:52951
1617991577235	mozrunner::runner	INFO	Running command: "/usr/bin/firefox" "--marionette" "-foreground" "-no-remote" "-profile" "/tmp/rust_mozprofilep1Wz4e"
console.warn: SearchSettings: "get: No settings file exists, new profile?" (new Error("", "(unknown module)"))
1617991579794	Marionette	INFO	Listening on port 37507
1617991579863	Marionette	WARN	TLS certificate errors will be ignored for this session
1617991594586	Marionette	INFO	Stopped listening on port 37507
1617991604659	Marionette	INFO	Stopped listening on port 38949
1617991607991	geckodriver	INFO	Listening on 127.0.0.1:52887
1617991607995	mozrunner::runner	INFO	Running command: "/usr/bin/firefox" "--marionette" "-foreground" "-no-remote" "-profile" "/tmp/rust_mozprofileJHDiyj"
console.warn: SearchSettings: "get: No settings file exists, new profile?" (new Error("", "(unknown module)"))
1617991610557	Marionette	INFO	Listening on port 42487
1617991610641	Marionette	WARN	TLS certificate errors will be ignored for this session
1617991616988	Marionette	INFO	Stopped listening on port 42487

###!!! [Parent][RunMessage] Error: Channel closing: too late to send/recv, messages will be lost

1617992273291	geckodriver	INFO	Listening on 127.0.0.1:59627
1617992273294	mozrunner::runner	INFO	Running command: "/usr/bin/firefox" "--marionette" "-foreground" "-no-remote" "-profile" "/tmp/rust_mozprofileqVWgWi"
console.warn: SearchSettings: "get: No settings file exists, new profile?" (new Error("", "(unknown module)"))
1617992275924	Marionette	INFO	Listening on port 43241
1617992276032	Marionette	WARN	TLS certificate errors will be ignored for this session
1617992349315	Marionette	INFO	Stopped listening on port 43241

###!!! [Parent][RunMessage] Error: Channel closing: too late to send/recv, messages will be lost

1617992372820	geckodriver	INFO	Listening on 127.0.0.1:36881
1617992372823	mozrunner::runner	INFO	Running command: "/usr/bin/firefox" "--marionette" "-foreground" "-no-remote" "-profile" "/tmp/rust_mozprofile5tGqHU"
console.warn: SearchSettings: "get: No settings file exists, new profile?" (new Error("", "(unknown module)"))
1617992375375	Marionette	INFO	Listening on port 34577
1617992375456	Marionette	WARN	TLS certificate errors will be ignored for this session
1617992389284	Marionette	INFO	Stopped listening on port 34577
1617992451687	geckodriver	INFO	Listening on 127.0.0.1:60343
1617992451691	mozrunner::runner	INFO	Running command: "/usr/bin/firefox" "--marionette" "-foreground" "-no-remote" "-profile" "/tmp/rust_mozprofileCUP3Um"
console.warn: SearchSettings: "get: No settings file exists, new profile?" (new Error("", "(unknown module)"))
1617992454356	Marionette	INFO	Listening on port 33837
1617992454432	Marionette	WARN	TLS certificate errors will be ignored for this session
1617992480626	geckodriver	INFO	Listening on 127.0.0.1:52415
1617992480629	mozrunner::runner	INFO	Running command: "/usr/bin/firefox" "--marionette" "-foreground" "-no-remote" "-profile" "/tmp/rust_mozprofileRuzNCp"
console.warn: SearchSettings: "get: No settings file exists, new profile?" (new Error("", "(unknown module)"))
1617992483280	Marionette	INFO	Listening on port 43723
1617992483395	Marionette	WARN	TLS certificate errors will be ignored for this session
1617992492131	Marionette	INFO	Stopped listening on port 33837
1617992498134	Marionette	INFO	Stopped listening on port 43723
1617992499953	geckodriver	INFO	Listening on 127.0.0.1:45605
1617992499957	mozrunner::runner	INFO	Running command: "/usr/bin/firefox" "--marionette" "-foreground" "-no-remote" "-profile" "/tmp/rust_mozprofileKAWbyP"
console.warn: SearchSettings: "get: No settings file exists, new profile?" (new Error("", "(unknown module)"))
1617992502765	Marionette	INFO	Listening on port 39033
1617992502890	Marionette	WARN	TLS certificate errors will be ignored for this session
1617992514280	Marionette	INFO	Stopped listening on port 39033

###!!! [Parent][RunMessage] Error: Channel closing: too late to send/recv, messages will be lost

1617992664583	geckodriver	INFO	Listening on 127.0.0.1:52505
1617992664586	mozrunner::runner	INFO	Running command: "/usr/bin/firefox" "--marionette" "-foreground" "-no-remote" "-profile" "/tmp/rust_mozprofile1yp9qj"
console.warn: SearchSettings: "get: No settings file exists, new profile?" (new Error("", "(unknown module)"))
1617992667398	Marionette	INFO	Listening on port 42637
1617992667523	Marionette	WARN	TLS certificate errors will be ignored for this session
1617992772073	geckodriver	INFO	Listening on 127.0.0.1:46785
1617992772076	mozrunner::runner	INFO	Running command: "/usr/bin/firefox" "--marionette" "-foreground" "-no-remote" "-profile" "/tmp/rust_mozprofileDTYev2"
console.warn: SearchSettings: "get: No settings file exists, new profile?" (new Error("", "(unknown module)"))
1617992774673	Marionette	INFO	Listening on port 38627
1617992774707	Marionette	WARN	TLS certificate errors will be ignored for this session
1617992823178	geckodriver	INFO	Listening on 127.0.0.1:57011
1617992823181	mozrunner::runner	INFO	Running command: "/usr/bin/firefox" "--marionette" "-foreground" "-no-remote" "-profile" "/tmp/rust_mozprofileKmtjJR"
console.warn: SearchSettings: "get: No settings file exists, new profile?" (new Error("", "(unknown module)"))
1617992825943	Marionette	INFO	Listening on port 36927
1617992826010	Marionette	WARN	TLS certificate errors will be ignored for this session
console.log: WebExtensions: reset-default-search: No addons in our list are installed.
1617993060638	Marionette	INFO	Stopped listening on port 38627

###!!! [Parent][MessageChannel] Error: (msgtype=0x1F0011,name=PBackgroundStorage::Msg_Observe) Channel error: cannot send/recv


###!!! [Parent][MessageChannel] Error: (msgtype=0x1F0011,name=PBackgroundStorage::Msg_Observe) Channel error: cannot send/recv

1617993093607	Marionette	INFO	Stopped listening on port 36927
1617993095602	Marionette	INFO	Stopped listening on port 42637
1617993101598	geckodriver	INFO	Listening on 127.0.0.1:37227
1617993102610	mozrunner::runner	INFO	Running command: "/usr/bin/firefox" "--marionette" "-foreground" "-no-remote" "-profile" "/tmp/rust_mozprofileL9qLH0"
console.warn: SearchSettings: "get: No settings file exists, new profile?" (new Error("", "(unknown module)"))
1617993105375	Marionette	INFO	Listening on port 40277
1617993105443	Marionette	WARN	TLS certificate errors will be ignored for this session
1617993121148	Marionette	INFO	Stopped listening on port 40277
1617993238760	geckodriver	INFO	Listening on 127.0.0.1:50061
1617993238764	mozrunner::runner	INFO	Running command: "/usr/bin/firefox" "--marionette" "-foreground" "-no-remote" "-profile" "/tmp/rust_mozprofileFSOVls"
console.warn: SearchSettings: "get: No settings file exists, new profile?" (new Error("", "(unknown module)"))
1617993241305	Marionette	INFO	Listening on port 36839
1617993241387	Marionette	WARN	TLS certificate errors will be ignored for this session
1617993317871	Marionette	INFO	Stopped listening on port 36839
1617993407818	geckodriver	INFO	Listening on 127.0.0.1:60475
1617993407821	mozrunner::runner	INFO	Running command: "/usr/bin/firefox" "--marionette" "-foreground" "-no-remote" "-profile" "/tmp/rust_mozprofile5OUjha"
console.warn: SearchSettings: "get: No settings file exists, new profile?" (new Error("", "(unknown module)"))
1617993410556	Marionette	INFO	Listening on port 33157
1617993410648	Marionette	WARN	TLS certificate errors will be ignored for this session
1617993447296	Marionette	INFO	Stopped listening on port 33157

###!!! [Parent][RunMessage] Error: Channel closing: too late to send/recv, messages will be lost

1617993474272	geckodriver	INFO	Listening on 127.0.0.1:32853
1617993474275	mozrunner::runner	INFO	Running command: "/usr/bin/firefox" "--marionette" "-foreground" "-no-remote" "-profile" "/tmp/rust_mozprofileM5AJi7"
console.warn: SearchSettings: "get: No settings file exists, new profile?" (new Error("", "(unknown module)"))
1617993476991	Marionette	INFO	Listening on port 33131
1617993477106	Marionette	WARN	TLS certificate errors will be ignored for this session
1617993516574	Marionette	INFO	Stopped listening on port 33131

###!!! [Parent][RunMessage] Error: Channel closing: too late to send/recv, messages will be lost

1617993614062	geckodriver	INFO	Listening on 127.0.0.1:60681
1617993614065	mozrunner::runner	INFO	Running command: "/usr/bin/firefox" "--marionette" "-foreground" "-no-remote" "-profile" "/tmp/rust_mozprofileO5jUkK"
console.warn: SearchSettings: "get: No settings file exists, new profile?" (new Error("", "(unknown module)"))
1617993616755	Marionette	INFO	Listening on port 36235
1617993616800	Marionette	WARN	TLS certificate errors will be ignored for this session
1617993653383	Marionette	INFO	Stopped listening on port 36235
1617994609231	geckodriver	INFO	Listening on 127.0.0.1:42921
1617994609235	mozrunner::runner	INFO	Running command: "/usr/bin/firefox" "--marionette" "-foreground" "-no-remote" "-profile" "/tmp/rust_mozprofilekYh28T"
console.warn: SearchSettings: "get: No settings file exists, new profile?" (new Error("", "(unknown module)"))
1617994612069	Marionette	INFO	Listening on port 33809
1617994612163	Marionette	WARN	TLS certificate errors will be ignored for this session
1617994792609	geckodriver	INFO	Listening on 127.0.0.1:44461
1617994792613	mozrunner::runner	INFO	Running command: "/usr/bin/firefox" "--marionette" "-foreground" "-no-remote" "-profile" "/tmp/rust_mozprofilenSRZoC"
console.warn: SearchSettings: "get: No settings file exists, new profile?" (new Error("", "(unknown module)"))
1617994795418	Marionette	INFO	Listening on port 33391
1617994795450	Marionette	WARN	TLS certificate errors will be ignored for this session
console.log: WebExtensions: reset-default-search: No addons in our list are installed.
1617995092462	Marionette	INFO	Stopped listening on port 33391
console.warn: "Async method failed in safeAsyncMethod" (new Error("Connection closed, pending request to server0.conn0.child3/domwalker24, type cancelPick failed\n\nRequest stack:\nrequest@resource://devtools/shared/protocol/Front.js:288:14\ngenerateRequestMethods/</frontProto[name]@resource://devtools/shared/protocol/Front/FrontClassWithSpec.js:46:19\ncancelPick@resource://devtools/client/fronts/walker.js:546:18\nexports.safeAsyncMethod/<@resource://devtools/shared/async-utils.js:57:25\n_onInspectorFrontDestroyed@resource://devtools/client/inspector/node-picker.js:114:18\nstop@resource://devtools/client/inspector/node-picker.js:174:18\n_destroyToolbox@resource://devtools/client/framework/toolbox.js:3718:24\ndestroy@resource://devtools/client/framework/toolbox.js:3652:10\n_forgetBrowserWindow@resource://devtools/client/framework/devtools-browser.js:709:17\nhandleEvent@resource://devtools/client/framework/devtools-browser.js:730:26\n", "resource://devtools/shared/protocol/Front.js", 99))
1617995096457	Marionette	INFO	Stopped listening on port 33809

###!!! [Parent][RunMessage] Error: Channel closing: too late to send/recv, messages will be lost

1618016598519	geckodriver	INFO	Listening on 127.0.0.1:60921
1618016599522	mozrunner::runner	INFO	Running command: "/usr/bin/firefox" "--marionette" "-foreground" "-no-remote" "-profile" "/tmp/rust_mozprofileFCyc80"
console.warn: SearchSettings: "get: No settings file exists, new profile?" (new Error("", "(unknown module)"))
1618016602746	Marionette	INFO	Listening on port 43515
1618016602856	Marionette	WARN	TLS certificate errors will be ignored for this session
1618016627832	Marionette	INFO	Stopped listening on port 43515

###!!! [Parent][RunMessage] Error: Channel closing: too late to send/recv, messages will be lost

1618016636407	geckodriver	INFO	Listening on 127.0.0.1:41949
1618016636410	mozrunner::runner	INFO	Running command: "/usr/bin/firefox" "--marionette" "-foreground" "-no-remote" "-profile" "/tmp/rust_mozprofileQXneUj"
console.warn: SearchSettings: "get: No settings file exists, new profile?" (new Error("", "(unknown module)"))
1618016638967	Marionette	INFO	Listening on port 46193
1618016639038	Marionette	WARN	TLS certificate errors will be ignored for this session
console.log: WebExtensions: reset-default-search: No addons in our list are installed.
1618021326812	geckodriver	INFO	Listening on 127.0.0.1:53591
1618021326815	mozrunner::runner	INFO	Running command: "/usr/bin/firefox" "--marionette" "-foreground" "-no-remote" "-profile" "/tmp/rust_mozprofileCngNmL"
console.warn: SearchSettings: "get: No settings file exists, new profile?" (new Error("", "(unknown module)"))
1618021329247	Marionette	INFO	Listening on port 40651
1618021329341	Marionette	WARN	TLS certificate errors will be ignored for this session
Exiting due to channel error.
Exiting due to channel error.
Exiting due to channel error.
SourceActor threw an exception: [Exception... "Failed to open input source 'file:///'"  nsresult: "0x80520015 (NS_ERROR_FILE_ACCESS_DENIED)"  location: "JS frame :: resource://devtools/shared/DevToolsUtils.js :: mainThreadFetch/< :: line 670"  data: yes]
Stack: mainThreadFetch/<@resource://devtools/shared/DevToolsUtils.js:670:15
mainThreadFetch@resource://devtools/shared/DevToolsUtils.js:516:10
_fetchURLContents@resource://devtools/server/actors/utils/sources-manager.js:439:22
urlContents@resource://devtools/server/actors/utils/sources-manager.js:406:17
_resurrectSource@resource://devtools/server/actors/thread.js:2156:35
addAllSources@resource://devtools/server/actors/thread.js:1509:14
watch@resource://devtools/server/actors/resources/sources.js:52:17
watchResources@resource://devtools/server/actors/resources/index.js:214:19
_watchTargetResources@resource://devtools/server/actors/targets/target-actor-mixin.js:97:24
addWatcherDataEntry@resource://devtools/server/actors/targets/target-actor-mixin.js:34:20
_addWatcherDataEntry@resource://devtools/server/connectors/js-window-actor/DevToolsFrameChild.jsm:412:24
receiveMessage@resource://devtools/server/connectors/js-window-actor/DevToolsFrameChild.jsm:354:21
Line: 670, column: 0
console.error: ({})
JavaScript error: resource://devtools/shared/DevToolsUtils.js, line 670: NS_ERROR_FILE_ACCESS_DENIED: Failed to open input source 'file:///'
console.warn: "Async method failed in safeAsyncMethod" (new Error("Connection closed, pending request to server0.conn0.child3/domwalker24, type cancelPick failed\n\nRequest stack:\nrequest@resource://devtools/shared/protocol/Front.js:288:14\ngenerateRequestMethods/</frontProto[name]@resource://devtools/shared/protocol/Front/FrontClassWithSpec.js:46:19\ncancelPick@resource://devtools/client/fronts/walker.js:546:18\nexports.safeAsyncMethod/<@resource://devtools/shared/async-utils.js:57:25\n_onInspectorFrontDestroyed@resource://devtools/client/inspector/node-picker.js:114:18\nstop@resource://devtools/client/inspector/node-picker.js:174:18\n_destroyToolbox@resource://devtools/client/framework/toolbox.js:3718:24\ndestroy@resource://devtools/client/framework/toolbox.js:3652:10\n_forgetBrowserWindow@resource://devtools/client/framework/devtools-browser.js:709:17\nhandleEvent@resource://devtools/client/framework/devtools-browser.js:730:26\n", "resource://devtools/shared/protocol/Front.js", 99))
1618056963683	Marionette	INFO	Stopped listening on port 46193

###!!! [Parent][RunMessage] Error: Channel closing: too late to send/recv, messages will be lost

